src/inventory-where-backend-main.cpp:231	U.add_new_item(0).iuid() = -1
src/inventory-where-backend-main.cpp:232	U.add_new_item(0).iuid() = -2
src/inventory-where-backend-main.cpp:233	U.root().iuid() = 0
src/inventory-where-backend-main.cpp:235	iA.iuid() = -3
src/inventory-where-backend-main.cpp:237	"Check:" = Check:
src/inventory-where-backend-main.cpp:238	iA.iuid() = 555
src/inventory-where-backend-main.cpp:239	U.add_new_item(0).iuid() = -4
src/inventory-where-backend-main.cpp:240	"Check removal:" = Check removal:
src/inventory-where-backend-main.cpp:243	U.add_new_item(0).iuid() = -2
src/inventory-where-backend-main.cpp:244	U.add_new_item(0).iuid() = -1
src/inventory-where-backend-main.cpp:245	U.add_new_item(0).iuid() = -5
Waiting for $++START_SESSION:V00++$ code.
src/inventory-where-backend-main.cpp:254	inputline = $++START_SESSION:V00++$
Session and logging Started
src/inventory-where-backend-main.cpp:267	inputline = BOX
src/inventory-where-backend-main.cpp:267	inputline = $++OPEN_CONTAINER++$
src/inventory-where-backend-main.cpp:267	inputline = SUBBOX1
src/inventory-where-backend-main.cpp:267	inputline = $++OPEN_CONTAINER++$
src/inventory-where-backend-main.cpp:267	inputline = FOO
src/inventory-where-backend-main.cpp:267	inputline = ZOO1
src/inventory-where-backend-main.cpp:267	inputline = $++CLOSE_CONTAINER++$
src/inventory-where-backend-main.cpp:267	inputline = SUBBOX_BAR
src/inventory-where-backend-main.cpp:267	inputline = $++OPEN_CONTAINER++$
src/inventory-where-backend-main.cpp:267	inputline = BAR
src/inventory-where-backend-main.cpp:267	inputline = $++CLOSE_ALL++$
src/inventory-where-backend-main.cpp:267	inputline = BOX
src/inventory-where-backend-main.cpp:267	inputline = $++OPEN_CONTAINER++$
src/inventory-where-backend-main.cpp:267	inputline = SUBBOX2
src/inventory-where-backend-main.cpp:267	inputline = $++OPEN_CONTAINER++$
src/inventory-where-backend-main.cpp:267	inputline = FOO
src/inventory-where-backend-main.cpp:267	inputline = ZOO2
src/inventory-where-backend-main.cpp:267	inputline = $++CLOSE_CONTAINER++$
src/inventory-where-backend-main.cpp:267	inputline = SUBBOX_BAR
src/inventory-where-backend-main.cpp:267	inputline = $++OPEN_CONTAINER++$
src/inventory-where-backend-main.cpp:267	inputline = BAR
src/inventory-where-backend-main.cpp:267	inputline = $++CLOSE_ALL++$
src/inventory-where-backend-main.cpp:267	inputline = $++DUMP:INV++$
src/inventory-where-backend-main.cpp:267	inputline = $++DUMP:CSV++$
src/inventory-where-backend-main.cpp:267	inputline = $++DUMP:MDLIST++$
src/inventory-where-backend-main.cpp:267	inputline = $++WHERE++$
src/inventory-where-backend-main.cpp:281	code = ZOO1
src/inventory-where-backend-main.cpp:283	"-----------" = -----------
src/inventory-where-backend-main.cpp:284	id = -9
src/inventory-where-backend-main.cpp:286	it.code() = ZOO1
src/inventory-where-backend-main.cpp:287	U.path_as_string_to(id) = BOX->SUBBOX1->ZOO1
src/inventory-where-backend-main.cpp:267	inputline = $++WHERE++$
src/inventory-where-backend-main.cpp:281	code = ZOO2
src/inventory-where-backend-main.cpp:283	"-----------" = -----------
src/inventory-where-backend-main.cpp:284	id = -15
src/inventory-where-backend-main.cpp:286	it.code() = ZOO2
src/inventory-where-backend-main.cpp:287	U.path_as_string_to(id) = BOX->SUBBOX2->ZOO2
src/inventory-where-backend-main.cpp:267	inputline = $++WHERE++$
src/inventory-where-backend-main.cpp:281	code = FOO
src/inventory-where-backend-main.cpp:283	"-----------" = -----------
src/inventory-where-backend-main.cpp:284	id = -14
src/inventory-where-backend-main.cpp:286	it.code() = FOO
src/inventory-where-backend-main.cpp:287	U.path_as_string_to(id) = BOX->SUBBOX2->FOO
src/inventory-where-backend-main.cpp:283	"-----------" = -----------
src/inventory-where-backend-main.cpp:284	id = -8
src/inventory-where-backend-main.cpp:286	it.code() = FOO
src/inventory-where-backend-main.cpp:287	U.path_as_string_to(id) = BOX->SUBBOX1->FOO
src/inventory-where-backend-main.cpp:267	inputline = $++EXIT_SESSION++$
Session Finished.
